2025-09-27 15:53:23,578 - Coin file not found. Creating template at kol_coins.json
2025-09-27 15:53:23,581 - Created template file at kol_coins.json
2025-09-27 15:53:23,582 - Please add GAKE's coin purchase addresses to kol_coins.json and run again
2025-09-27 15:53:23,582 - GAKE Coordination Analyzer initialized
2025-09-27 15:53:23,582 - Target wallet: DNfuF1L6...
2025-09-27 15:53:23,582 - Loaded 0 GAKE coin purchases to analyze
2025-09-27 15:53:23,582 - === GAKE FRONT-RUNNING COORDINATION ANALYSIS ===
2025-09-27 15:53:23,582 - GAKE Wallet: DNfuF1L62WWyW3pNakVkyGGFzVVhj4Yr52jSmdTyeBHm
2025-09-27 15:53:23,583 - Generated: 2025-09-27 15:53:23
2025-09-27 15:53:23,583 - No GAKE coin addresses loaded. Please add addresses to kol_coins.json
2025-09-27 16:22:55,069 - Invalid JSON in kol_coins.json
2025-09-27 16:22:55,070 - GAKE Coordination Analyzer initialized
2025-09-27 16:22:55,070 - Target wallet: DNfuF1L6...
2025-09-27 16:22:55,070 - Loaded 0 GAKE coin purchases to analyze
2025-09-27 16:22:55,070 - === GAKE FRONT-RUNNING COORDINATION ANALYSIS ===
2025-09-27 16:22:55,070 - GAKE Wallet: DNfuF1L62WWyW3pNakVkyGGFzVVhj4Yr52jSmdTyeBHm
2025-09-27 16:22:55,071 - Generated: 2025-09-27 16:22:55
2025-09-27 16:22:55,072 - No GAKE coin addresses loaded. Please add addresses to kol_coins.json
2025-09-27 16:25:11,975 - JSON parsing failed, attempting auto-format from text...
2025-09-27 16:25:11,977 - Auto-parsed 28 addresses from text format
2025-09-27 16:25:11,977 - Converting to proper JSON format...
2025-09-27 16:25:11,977 - Auto-formatted and saved 28 addresses to kol_coins.json
2025-09-27 16:25:11,978 - GAKE Coordination Analyzer initialized
2025-09-27 16:25:11,978 - Target wallet: DNfuF1L6...
2025-09-27 16:25:11,978 - Loaded 28 GAKE coin purchases to analyze
2025-09-27 16:25:11,978 - === GAKE FRONT-RUNNING COORDINATION ANALYSIS ===
2025-09-27 16:25:11,978 - GAKE Wallet: DNfuF1L62WWyW3pNakVkyGGFzVVhj4Yr52jSmdTyeBHm
2025-09-27 16:25:11,978 - Generated: 2025-09-27 16:25:11
2025-09-27 16:25:11,978 - Getting GAKE's purchase timestamps for coordination analysis
2025-09-27 16:26:37,827 - Found 0 GAKE purchase timestamps
2025-09-27 16:26:37,833 - No GAKE purchases found for specified coins
2025-09-27 16:35:01,492 - GAKE Coordination Analyzer initialized
2025-09-27 16:35:01,494 - Target wallet: DNfuF1L6...
2025-09-27 16:35:01,494 - Will auto-discover GAKE's recent token purchases
2025-09-27 16:35:01,494 - === GAKE FRONT-RUNNING COORDINATION ANALYSIS ===
2025-09-27 16:35:01,494 - GAKE Wallet: DNfuF1L62WWyW3pNakVkyGGFzVVhj4Yr52jSmdTyeBHm
2025-09-27 16:35:01,497 - Generated: 2025-09-27 16:35:01
2025-09-27 16:35:01,498 - Auto-discovering GAKE's recent token purchases (last 50)...
2025-09-27 16:36:42,964 - Discovered GAKE purchase: HophnK... at 2025-09-27 11:42:10
2025-09-27 16:36:42,968 - Auto-discovered 1 GAKE token purchases
2025-09-27 16:36:42,969 - Saved discovered coins to discovered_gake_coins.json
2025-09-27 16:36:42,975 - Analyzing front-running patterns across 1 GAKE purchases
2025-09-27 16:36:42,975 - Analyzing coin 1/1: HophnK...
2025-09-27 16:36:46,876 -   Found 20 holders to check
2025-09-27 16:39:06,973 -     Front-run detected: GbZP3q74... bought 1.8h before GAKE
2025-09-27 16:40:40,894 -     Front-run detected: 3aVThztK... bought 1.2h before GAKE
2025-09-27 16:42:15,874 - Received signal 2, saving progress and continuing...
2025-09-27 16:42:50,873 - Received signal 2, saving progress and continuing...
2025-09-27 16:42:53,256 - Received signal 2, saving progress and continuing...
2025-09-27 16:42:56,718 - Received signal 2, saving progress and continuing...
2025-09-27 16:42:56,911 - Received signal 2, saving progress and continuing...
2025-09-27 16:42:57,078 - Received signal 2, saving progress and continuing...
2025-09-27 16:42:57,285 - Received signal 2, saving progress and continuing...
2025-09-27 16:42:57,392 - Received signal 2, saving progress and continuing...
2025-09-27 16:42:57,620 - Received signal 2, saving progress and continuing...
2025-09-27 16:43:02,979 - Received signal 2, saving progress and continuing...
2025-09-27 16:43:05,038 -     Front-run detected: Wu1U3p52... bought 1.6h before GAKE
2025-09-27 16:43:22,587 - Received signal 2, saving progress and continuing...
2025-09-27 16:43:56,975 -     Front-run detected: JBhVoSaX... bought 1.1h before GAKE
2025-09-27 16:44:12,873 - Received signal 2, saving progress and continuing...
2025-09-27 16:47:22,839 - GAKE Coordination Analyzer initialized
2025-09-27 16:47:22,840 - Target wallet: DNfuF1L6...
2025-09-27 16:47:22,840 - Will use coins from kol_coins.json file
2025-09-27 16:47:22,841 - === GAKE FRONT-RUNNING COORDINATION ANALYSIS ===
2025-09-27 16:47:22,841 - GAKE Wallet: DNfuF1L62WWyW3pNakVkyGGFzVVhj4Yr52jSmdTyeBHm
2025-09-27 16:47:22,841 - Generated: 2025-09-27 16:47:22
2025-09-27 16:47:22,842 - Loaded 28 coin addresses from JSON list
2025-09-27 16:47:22,842 - Loaded 28 coin addresses from kol_coins.json
2025-09-27 16:47:22,842 - Finding GAKE's purchase timestamps for 28 coins...
2025-09-27 16:50:12,492 - Found purchase timestamps for 0/28 coins
2025-09-27 16:50:12,501 - No GAKE purchase timestamps found for the provided coins
2025-09-27 16:50:12,502 - This could mean:
2025-09-27 16:50:12,502 - - GAKE's purchases are older than the transaction window
2025-09-27 16:50:12,502 - - Coins were purchased using a different wallet
2025-09-27 16:50:12,502 - - Transaction parsing needs adjustment
2025-09-27 17:18:00,436 - GAKE Coordination Analyzer initialized
2025-09-27 17:18:00,437 - Target wallet: DNfuF1L6...
2025-09-27 17:18:00,438 - Will use coins from kol_coins.json file
2025-09-27 17:18:00,438 - === GAKE FRONT-RUNNING COORDINATION ANALYSIS ===
2025-09-27 17:18:00,438 - GAKE Wallet: DNfuF1L62WWyW3pNakVkyGGFzVVhj4Yr52jSmdTyeBHm
2025-09-27 17:18:00,438 - Generated: 2025-09-27 17:18:00
2025-09-27 17:18:00,439 - Loaded 28 coin addresses from JSON list
2025-09-27 17:18:00,439 - Loaded 28 coin addresses from kol_coins.json
2025-09-27 17:18:00,439 - Finding GAKE's purchase timestamps for 28 coins...
2025-09-27 17:19:54,583 - Found purchase timestamps for 0/28 coins
2025-09-27 17:19:54,592 - No GAKE purchase timestamps found for the provided coins
2025-09-27 17:19:54,592 - This could mean:
2025-09-27 17:19:54,592 - - GAKE's purchases are older than the transaction window
2025-09-27 17:19:54,592 - - Coins were purchased using a different wallet
2025-09-27 17:19:54,592 - - Transaction parsing needs adjustment
2025-09-27 17:34:09,768 - GAKE Coordination Analyzer initialized
2025-09-27 17:34:09,770 - Target wallet: DNfuF1L6...
2025-09-27 17:34:09,770 - Will analyze top holders of coins from kol_coins.json file
2025-09-27 17:34:09,770 - === GAKE COIN HOLDER COORDINATION ANALYSIS ===
2025-09-27 17:34:09,770 - GAKE Wallet: DNfuF1L62WWyW3pNakVkyGGFzVVhj4Yr52jSmdTyeBHm
2025-09-27 17:34:09,770 - Generated: 2025-09-27 17:34:09
2025-09-27 17:34:09,771 - Loaded 28 coin addresses from JSON list
2025-09-27 17:34:09,771 - Loaded 28 coin addresses from kol_coins.json
2025-09-27 17:34:09,771 - Analyzing holder patterns across 28 coins...
2025-09-27 17:34:09,772 - Getting top holders for coin 1/28: oH8tg1q1...
2025-09-27 17:34:10,002 -   Found 0 holders
2025-09-27 17:34:10,507 - Getting top holders for coin 2/28: H2XHvRQy...
2025-09-27 17:34:10,668 -   Found 0 holders
2025-09-27 17:34:11,173 - Getting top holders for coin 3/28: DQhm7Dz5...
2025-09-27 17:34:11,329 -   Found 0 holders
2025-09-27 17:34:11,831 - Getting top holders for coin 4/28: zDwdiwJe...
2025-09-27 17:34:11,975 -   Found 0 holders
2025-09-27 17:34:12,480 - Getting top holders for coin 5/28: DNfuF1L6...
2025-09-27 17:34:12,617 -   Found 0 holders
2025-09-27 17:34:13,122 - Getting top holders for coin 6/28: 8rhi1Pqm...
2025-09-27 17:34:13,282 -   Found 0 holders
2025-09-27 17:34:13,787 - Getting top holders for coin 7/28: 4CSwxraR...
2025-09-27 17:34:13,953 -   Found 0 holders
2025-09-27 17:34:14,458 - Getting top holders for coin 8/28: GWYgwaKE...
2025-09-27 17:34:14,634 -   Found 0 holders
2025-09-27 17:34:15,136 - Getting top holders for coin 9/28: 66hibHhP...
2025-09-27 17:34:15,278 -   Found 0 holders
2025-09-27 17:34:15,783 - Getting top holders for coin 10/28: EokUVZ8i...
2025-09-27 17:34:15,939 -   Found 0 holders
2025-09-27 17:34:16,441 - Getting top holders for coin 11/28: 2LxzSVmK...
2025-09-27 17:34:16,620 -   Found 0 holders
2025-09-27 17:34:17,121 - Getting top holders for coin 12/28: DuXZqhVw...
2025-09-27 17:34:17,260 -   Found 0 holders
2025-09-27 17:34:17,764 - Getting top holders for coin 13/28: F1VYzwbB...
2025-09-27 17:34:17,923 -   Found 0 holders
2025-09-27 17:34:18,428 - Getting top holders for coin 14/28: 7xxMv17Q...
2025-09-27 17:34:18,560 -   Found 0 holders
2025-09-27 17:34:19,064 - Getting top holders for coin 15/28: 67BeSYGb...
2025-09-27 17:34:19,201 -   Found 0 holders
2025-09-27 17:34:19,706 - Getting top holders for coin 16/28: EdTYqYwa...
2025-09-27 17:34:19,834 -   Found 0 holders
2025-09-27 17:34:20,339 - Getting top holders for coin 17/28: BTV91nop...
2025-09-27 17:34:20,483 -   Found 0 holders
2025-09-27 17:34:20,988 - Getting top holders for coin 18/28: 8NJWSKuX...
2025-09-27 17:34:21,153 -   Found 0 holders
2025-09-27 17:34:21,656 - Getting top holders for coin 19/28: EwttU26A...
2025-09-27 17:34:21,819 -   Found 0 holders
2025-09-27 17:34:22,324 - Getting top holders for coin 20/28: HWdpTNFE...
2025-09-27 17:34:22,447 -   Found 0 holders
2025-09-27 17:34:22,949 - Getting top holders for coin 21/28: 6K63TXGc...
2025-09-27 17:34:23,104 -   Found 0 holders
2025-09-27 17:34:23,607 - Getting top holders for coin 22/28: 488FiH8f...
2025-09-27 17:34:23,735 -   Found 0 holders
2025-09-27 17:34:24,240 - Getting top holders for coin 23/28: 3dUFE4CW...
2025-09-27 17:34:24,622 -   Found 0 holders
2025-09-27 17:34:25,125 - Getting top holders for coin 24/28: GZ9PJZ8f...
2025-09-27 17:34:25,396 -   Found 0 holders
2025-09-27 17:34:25,901 - Getting top holders for coin 25/28: YWwtkDoi...
2025-09-27 17:34:26,115 -   Found 0 holders
2025-09-27 17:34:26,620 - Getting top holders for coin 26/28: HnxKKffU...
2025-09-27 17:34:26,885 -   Found 0 holders
2025-09-27 17:34:27,391 - Getting top holders for coin 27/28: Gw5Nmgmi...
2025-09-27 17:34:27,603 -   Found 0 holders
2025-09-27 17:34:28,109 - Getting top holders for coin 28/28: 7vHRYPTC...
2025-09-27 17:34:28,281 -   Found 0 holders
2025-09-27 17:34:28,785 - Found 0 unique holders across all coins
2025-09-27 17:34:28,785 - No significant holder patterns found
